This is pdfTeX, Version 3.1415926-2.4-1.40.13 (TeX Live 2012/Debian) (format=pdflatex 2013.1.21)  23 JUL 2013 02:31
entering extended mode
 restricted \write18 enabled.
 %&-line parsing enabled.
**minimal-working-example-manual-headers.tex
(./minimal-working-example-manual-headers.tex
LaTeX2e <2011/06/27>
Babel <v3.8m> and hyphenation patterns for english, dumylang, nohyphenation, lo
aded.
(/usr/share/texlive/texmf-dist/tex/latex/base/minimal.cls
Document Class: minimal 2001/05/25 Standard LaTeX minimal class
) (/usr/share/texlive/texmf-dist/tex/latex/datatool/datatool.sty
Package: datatool 2009/11/15 v2.03 (NLCT)

(/usr/share/texlive/texmf-dist/tex/latex/xkeyval/xkeyval.sty
Package: xkeyval 2008/08/13 v2.6a package option processing (HA)

(/usr/share/texlive/texmf-dist/tex/generic/xkeyval/xkeyval.tex
\XKV@toks=\toks14
\XKV@tempa@toks=\toks15
\XKV@depth=\count79
File: xkeyval.tex 2008/08/13 v2.6a key=value parser (HA)

(/usr/share/texlive/texmf-dist/tex/generic/xkeyval/keyval.tex)))
(/usr/share/texlive/texmf-dist/tex/latex/base/ifthen.sty
Package: ifthen 2001/05/26 v1.1c Standard LaTeX ifthen package (DPC)
)
(/usr/share/texlive/texmf-dist/tex/latex/xfor/xfor.sty
Package: xfor 2009/02/05 v1.05 (NLCT)
)
(/usr/share/texlive/texmf-dist/tex/latex/fp/fp.sty
Package: fp 1995/04/02

`Fixed Point Package', Version 0.8, April 2, 1995 (C) Michael Mehlich
(/usr/share/texlive/texmf-dist/tex/latex/fp/defpattern.sty
Package: defpattern 1994/10/12
\actioncount=\count80
)
(/usr/share/texlive/texmf-dist/tex/latex/fp/fp-basic.sty
Package: fp-basic 1996/05/13
\FP@xs=\count81
\FP@xia=\count82
\FP@xib=\count83
\FP@xfa=\count84
\FP@xfb=\count85
\FP@rega=\count86
\FP@regb=\count87
\FP@regs=\count88
\FP@times=\count89
)
(/usr/share/texlive/texmf-dist/tex/latex/fp/fp-addons.sty
Package: fp-addons 1995/03/15
)
(/usr/share/texlive/texmf-dist/tex/latex/fp/fp-snap.sty
Package: fp-snap 1995/04/05
)
(/usr/share/texlive/texmf-dist/tex/latex/fp/fp-exp.sty
Package: fp-exp 1995/04/03
)
(/usr/share/texlive/texmf-dist/tex/latex/fp/fp-trigo.sty
Package: fp-trigo 1995/04/14
)
(/usr/share/texlive/texmf-dist/tex/latex/fp/fp-pas.sty
Package: fp-pas 1994/08/29
)
(/usr/share/texlive/texmf-dist/tex/latex/fp/fp-random.sty
Package: fp-random 1995/02/23
\FPseed=\count90
)
(/usr/share/texlive/texmf-dist/tex/latex/fp/fp-eqn.sty
Package: fp-eqn 1995/04/03
)
(/usr/share/texlive/texmf-dist/tex/latex/fp/fp-upn.sty
Package: fp-upn 1996/10/21
)
(/usr/share/texlive/texmf-dist/tex/latex/fp/fp-eval.sty
Package: fp-eval 1995/04/03
))
(/usr/share/texlive/texmf-dist/tex/latex/substr/substr.sty
Package: substr 2009/10/20 v1.2 Handle substrings
\c@su@anzahl=\count91
)
(/usr/share/texlive/texmf-dist/tex/latex/etex-pkg/etex.sty
Package: etex 1998/03/26 v2.0 eTeX basic definition package (PEB)
\et@xins=\count92
)
\@dtl@datatype=\count93
\@dtl@tmpcount=\count94
\dtl@tmplength=\skip41
\@dtl@numgrpsepcount=\count95
\dtl@codeA=\count96
\dtl@codeB=\count97
\dtlcolumnnum=\count98
\dtlrownum=\count99
\@dtl@before=\toks16
\@dtl@after=\toks17
\@dtl@colhead=\toks18
\dtlcurrentrow=\toks19
\dtlbeforerow=\toks20
\dtlafterrow=\toks21
\@dtl@foreach@level=\count100
\dtlforeachlevel=\count101
\c@DTLrowi=\count102
\c@DTLrowii=\count103
\c@DTLrowiii=\count104
\c@DTLrow=\count105
\dtl@rowi=\count106
\dtl@rowii=\count107
\dtl@rowiii=\count108
\@dtl@curi=\toks22
\@dtl@previ=\toks23
\@dtl@nexti=\toks24
\@dtl@curii=\toks25
\@dtl@previi=\toks26
\@dtl@nextii=\toks27
\@dtl@curiii=\toks28
\@dtl@previii=\toks29
\@dtl@nextiii=\toks30
\@dtl@elements=\count109
\@dtl@list=\toks31
\@dtl@rowa=\toks32
\@dtl@rowb=\toks33
\@dtl@toksA=\toks34
\@dtl@toksB=\toks35
\@dtl@toks=\toks36
\@dtl@write=\write3
\@dtl@read=\read1
\dtl@entrycr=\count110
\dtl@sortresult=\count111
)
(/usr/share/texlive/texmf-dist/tex/latex/filecontents/filecontents.sty
Package: filecontents 2011/10/08 v1.3 Create an external file from within a LaT
eX document
)

LaTeX Warning: Overwriting file `./data.csv'.

\openout15 = `data.csv'.


No file minimal-working-example-manual-headers.aux.
\openout1 = `minimal-working-example-manual-headers.aux'.

LaTeX Font Info:    Checking defaults for OML/cmm/m/it on input line 9.
LaTeX Font Info:    ... okay on input line 9.
LaTeX Font Info:    Checking defaults for T1/cmr/m/n on input line 9.
LaTeX Font Info:    ... okay on input line 9.
LaTeX Font Info:    Checking defaults for OT1/cmr/m/n on input line 9.
LaTeX Font Info:    ... okay on input line 9.
LaTeX Font Info:    Checking defaults for OMS/cmsy/m/n on input line 9.
LaTeX Font Info:    ... okay on input line 9.
LaTeX Font Info:    Checking defaults for OMX/cmex/m/n on input line 9.
LaTeX Font Info:    ... okay on input line 9.
LaTeX Font Info:    Checking defaults for U/cmr/m/n on input line 9.
LaTeX Font Info:    ... okay on input line 9.
\dtldb@mytable=\toks37
\dtlkeys@mytable=\toks38
\dtlrows@mytable=\count112
\dtlcols@mytable=\count113
LaTeX Font Info:    External font `cmex10' loaded for size
(Font)              <7> on input line 13.
LaTeX Font Info:    External font `cmex10' loaded for size
(Font)              <5> on input line 13.
[1{/home/nathaniel/.texmf-var/fonts/map/pdftex/updmap/pdftex.map}]
(./minimal-working-example-manual-headers.aux) ) 
Here is how much of TeX's memory you used:
 1824 strings out of 495059
 23551 string characters out of 3182030
 99026 words of memory out of 3000000
 5026 multiletter control sequences out of 15000+200000
 3948 words of font info for 15 fonts, out of 3000000 for 9000
 14 hyphenation exceptions out of 8191
 32i,8n,31p,282b,314s stack positions out of 5000i,500n,10000p,200000b,50000s
</usr/share/texlive/texmf-dist/
fonts/type1/public/amsfonts/cm/cmmi10.pfb></usr/share/texlive/texmf-dist/fonts/
type1/public/amsfonts/cm/cmr10.pfb>
Output written on minimal-working-example-manual-headers.pdf (1 page, 16196 byt
es).
PDF statistics:
 16 PDF objects out of 1000 (max. 8388607)
 10 compressed objects within 1 object stream
 0 named destinations out of 1000 (max. 500000)
 1 words of extra memory for PDF output out of 10000 (max. 10000000)

